#
# A fatal error has been detected by the Java Runtime Environment:
#
#  EXCEPTION_ACCESS_VIOLATION (0xc0000005) at pc=0x57fe4856, pid=6952, tid=5580
#
# JRE version: 7.0-b147
# Java VM: Java HotSpot(TM) Client VM (21.0-b17 mixed mode, sharing windows-x86 )
# Problematic frame:
# V  [jvm.dll+0x84856]
#
# Failed to write core dump. Minidumps are not enabled by default on client versions of Windows
#
# If you would like to submit a bug report, please visit:
#   http://bugreport.sun.com/bugreport/crash.jsp
#

---------------  T H R E A D  ---------------

Current thread (0x0038d400):  JavaThread "main" [_thread_in_vm, id=5580, stack(0x00310000,0x00360000)]

siginfo: ExceptionCode=0xc0000005, reading address 0x80000084

Registers:
EAX=0x00000000, EBX=0x00000000, ECX=0x80000008, EDX=0x0035e460
ESP=0x0035e3fc, EBP=0x0035e408, ESI=0x80000008, EDI=0x0035e460
EIP=0x57fe4856, EFLAGS=0x00010216

Top of Stack: (sp=0x0035e3fc)
0x0035e3fc:   57fd8956 00003691 0038d400 0035e428
0x0035e40c:   57fe4a19 00000000 00000000 0035e460
0x0035e41c:   00000003 0038d400 00000000 0035e57c
0x0035e42c:   57fb2b93 00000000 00000000 0035e460
0x0035e43c:   33a74f8a 000000b5 0038d400 0038d400
0x0035e44c:   0035e480 57fe660f 00000000 00000001
0x0035e45c:   0035e478 57fcb2bc 0038dc78 23dd18d8
0x0035e46c:   57fcb2c7 0038d400 23dd18d8 0035e49c 

Instructions: (pc=0x57fe4856)
0x57fe4836:   3c 08 74 06 42 83 c0 04 eb f1 5e b0 01 5f 5d c2
0x57fe4846:   04 00 5e 32 c0 5f 5d c2 04 00 55 8b ec 83 ec 0c
0x57fe4856:   8b 41 7c 8b 40 08 53 56 57 89 45 f4 c7 45 f8 00
0x57fe4866:   00 00 00 85 c0 0f 8e d2 00 00 00 bb 10 00 00 00 


Register to memory mapping:

EAX=0x00000000 is an unknown value
EBX=0x00000000 is an unknown value
ECX=0x80000008 is an unknown value
EDX=0x0035e460 is pointing into the stack for thread: 0x0038d400
ESP=0x0035e3fc is pointing into the stack for thread: 0x0038d400
EBP=0x0035e408 is pointing into the stack for thread: 0x0038d400
ESI=0x80000008 is an unknown value
EDI=0x0035e460 is pointing into the stack for thread: 0x0038d400


Stack: [0x00310000,0x00360000],  sp=0x0035e3fc,  free space=312k
Native frames: (J=compiled Java code, j=interpreted, Vv=VM code, C=native code)
V  [jvm.dll+0x84856]
V  [jvm.dll+0x84a19]
V  [jvm.dll+0x52b93]
V  [jvm.dll+0x54222]
V  [jvm.dll+0x501ac]
j  sun.misc.ProxyGenerator$FieldInfo.<init>(Lsun/misc/ProxyGenerator;Ljava/lang/String;Ljava/lang/String;I)V+2
j  sun.misc.ProxyGenerator.generateClassFile()[B+218
j  sun.misc.ProxyGenerator.generateProxyClass(Ljava/lang/String;[Ljava/lang/Class;)[B+11
j  java.lang.reflect.Proxy.getProxyClass(Ljava/lang/ClassLoader;[Ljava/lang/Class;)Ljava/lang/Class;+557
j  java.lang.reflect.Proxy.newProxyInstance(Ljava/lang/ClassLoader;[Ljava/lang/Class;Ljava/lang/reflect/InvocationHandler;)Ljava/lang/Object;+14
j  sun.reflect.annotation.AnnotationParser.annotationForMap(Ljava/lang/Class;Ljava/util/Map;)Ljava/lang/annotation/Annotation;+21
j  sun.reflect.annotation.AnnotationParser.parseAnnotation(Ljava/nio/ByteBuffer;Lsun/reflect/ConstantPool;Ljava/lang/Class;Z)Ljava/lang/annotation/Annotation;+258
j  sun.reflect.annotation.AnnotationParser.parseAnnotations2([BLsun/reflect/ConstantPool;Ljava/lang/Class;)Ljava/util/Map;+39
j  sun.reflect.annotation.AnnotationParser.parseAnnotations([BLsun/reflect/ConstantPool;Ljava/lang/Class;)Ljava/util/Map;+11
j  java.lang.Class.initAnnotationsIfNecessary()V+22
j  java.lang.Class.getAnnotations()[Ljava/lang/annotation/Annotation;+1
j  org.springframework.core.type.classreading.AnnotationAttributesReadingVisitor.visitEnd()V+118
j  org.springframework.asm.ClassReader.a(I[CLorg/springframework/asm/AnnotationVisitor;)I+43
j  org.springframework.asm.ClassReader.accept(Lorg/springframework/asm/ClassVisitor;[Lorg/springframework/asm/Attribute;Z)V+820
j  org.springframework.asm.ClassReader.accept(Lorg/springframework/asm/ClassVisitor;Z)V+7
j  org.springframework.core.type.classreading.SimpleMetadataReader.<init>(Lorg/springframework/core/io/Resource;Ljava/lang/ClassLoader;)V+55
j  org.springframework.core.type.classreading.SimpleMetadataReaderFactory.getMetadataReader(Lorg/springframework/core/io/Resource;)Lorg/springframework/core/type/classreading/MetadataReader;+14
j  org.springframework.core.type.classreading.CachingMetadataReaderFactory.getMetadataReader(Lorg/springframework/core/io/Resource;)Lorg/springframework/core/type/classreading/MetadataReader;+40
j  org.springframework.context.annotation.ClassPathScanningCandidateComponentProvider.findCandidateComponents(Ljava/lang/String;)Ljava/util/Set;+143
j  org.springframework.context.annotation.ClassPathBeanDefinitionScanner.doScan([Ljava/lang/String;)Ljava/util/Set;+35
j  org.springframework.context.annotation.ComponentScanBeanDefinitionParser.parse(Lorg/w3c/dom/Element;Lorg/springframework/beans/factory/xml/ParserContext;)Lorg/springframework/beans/factory/config/BeanDefinition;+25
j  org.springframework.beans.factory.xml.NamespaceHandlerSupport.parse(Lorg/w3c/dom/Element;Lorg/springframework/beans/factory/xml/ParserContext;)Lorg/springframework/beans/factory/config/BeanDefinition;+8
j  org.springframework.beans.factory.xml.BeanDefinitionParserDelegate.parseCustomElement(Lorg/w3c/dom/Element;Lorg/springframework/beans/factory/config/BeanDefinition;)Lorg/springframework/beans/factory/config/BeanDefinition;+72
j  org.springframework.beans.factory.xml.BeanDefinitionParserDelegate.parseCustomElement(Lorg/w3c/dom/Element;)Lorg/springframework/beans/factory/config/BeanDefinition;+3
j  org.springframework.beans.factory.xml.DefaultBeanDefinitionDocumentReader.parseBeanDefinitions(Lorg/w3c/dom/Element;Lorg/springframework/beans/factory/xml/BeanDefinitionParserDelegate;)V+68
j  org.springframework.beans.factory.xml.DefaultBeanDefinitionDocumentReader.doRegisterBeanDefinitions(Lorg/w3c/dom/Element;)V+84
j  org.springframework.beans.factory.xml.DefaultBeanDefinitionDocumentReader.registerBeanDefinitions(Lorg/w3c/dom/Document;Lorg/springframework/beans/factory/xml/XmlReaderContext;)V+25
j  org.springframework.beans.factory.xml.XmlBeanDefinitionReader.registerBeanDefinitions(Lorg/w3c/dom/Document;Lorg/springframework/core/io/Resource;)I+33
j  org.springframework.beans.factory.xml.XmlBeanDefinitionReader.doLoadBeanDefinitions(Lorg/xml/sax/InputSource;Lorg/springframework/core/io/Resource;)I+35
j  org.springframework.beans.factory.xml.XmlBeanDefinitionReader.loadBeanDefinitions(Lorg/springframework/core/io/support/EncodedResource;)I+162
j  org.springframework.beans.factory.xml.XmlBeanDefinitionReader.loadBeanDefinitions(Lorg/springframework/core/io/Resource;)I+9
j  org.springframework.beans.factory.support.AbstractBeanDefinitionReader.loadBeanDefinitions([Lorg/springframework/core/io/Resource;)I+30
j  org.springframework.beans.factory.support.AbstractBeanDefinitionReader.loadBeanDefinitions(Ljava/lang/String;Ljava/util/Set;)I+60
j  org.springframework.beans.factory.support.AbstractBeanDefinitionReader.loadBeanDefinitions(Ljava/lang/String;)I+3
j  org.springframework.beans.factory.support.AbstractBeanDefinitionReader.loadBeanDefinitions([Ljava/lang/String;)I+30
j  org.springframework.context.support.AbstractXmlApplicationContext.loadBeanDefinitions(Lorg/springframework/beans/factory/xml/XmlBeanDefinitionReader;)V+26
j  org.springframework.context.support.AbstractXmlApplicationContext.loadBeanDefinitions(Lorg/springframework/beans/factory/support/DefaultListableBeanFactory;)V+41
j  org.springframework.context.support.AbstractRefreshableApplicationContext.refreshBeanFactory()V+35
j  org.springframework.context.support.AbstractApplicationContext.obtainFreshBeanFactory()Lorg/springframework/beans/factory/config/ConfigurableListableBeanFactory;+1
j  org.springframework.context.support.AbstractApplicationContext.refresh()V+12
j  org.springframework.context.support.ClassPathXmlApplicationContext.<init>([Ljava/lang/String;ZLorg/springframework/context/ApplicationContext;)V+15
j  org.springframework.context.support.ClassPathXmlApplicationContext.<init>(Ljava/lang/String;)V+11
j  zm.hashcode.test.service.VoucherServicesTest.setUpClass()V+6
v  ~StubRoutines::call_stub
V  [jvm.dll+0x122c7e]
V  [jvm.dll+0x1c9c0e]
V  [jvm.dll+0x122d0d]
V  [jvm.dll+0x12dd5e]
V  [jvm.dll+0x12e36e]
V  [jvm.dll+0xceee9]
C  [java.dll+0x7db5]  Java_sun_reflect_NativeMethodAccessorImpl_invoke0+0x15
j  sun.reflect.NativeMethodAccessorImpl.invoke(Ljava/lang/Object;[Ljava/lang/Object;)Ljava/lang/Object;+87
j  sun.reflect.DelegatingMethodAccessorImpl.invoke(Ljava/lang/Object;[Ljava/lang/Object;)Ljava/lang/Object;+6
j  java.lang.reflect.Method.invoke(Ljava/lang/Object;[Ljava/lang/Object;)Ljava/lang/Object;+57
j  org.junit.runners.model.FrameworkMethod$1.runReflectiveCall()Ljava/lang/Object;+15
j  org.junit.internal.runners.model.ReflectiveCallable.run()Ljava/lang/Object;+1
j  org.junit.runners.model.FrameworkMethod.invokeExplosively(Ljava/lang/Object;[Ljava/lang/Object;)Ljava/lang/Object;+10
j  org.junit.internal.runners.statements.RunBefores.evaluate()V+38
j  org.junit.internal.runners.statements.RunAfters.evaluate()V+18
j  org.junit.runners.ParentRunner.run(Lorg/junit/runner/notification/RunNotifier;)V+20
j  junit.framework.JUnit4TestAdapter.run(Ljunit/framework/TestResult;)V+13
j  org.apache.tools.ant.taskdefs.optional.junit.JUnitTestRunner.run()V+693
j  org.apache.tools.ant.taskdefs.optional.junit.JUnitTestRunner.launch(Lorg/apache/tools/ant/taskdefs/optional/junit/JUnitTest;[Ljava/lang/String;ZZZZZZ)I+41
j  org.apache.tools.ant.taskdefs.optional.junit.JUnitTestRunner.main([Ljava/lang/String;)V+918
v  ~StubRoutines::call_stub
V  [jvm.dll+0x122c7e]
V  [jvm.dll+0x1c9c0e]
V  [jvm.dll+0x122d0d]
V  [jvm.dll+0xa77e4]
V  [jvm.dll+0xb1b77]
C  [java.exe+0x1fd3]
C  [java.exe+0xa0ab]
C  [java.exe+0xa135]
C  [kernel32.dll+0x51114]  BaseThreadInitThunk+0x12
C  [ntdll.dll+0x5b429]  RtlInitializeExceptionChain+0x63
C  [ntdll.dll+0x5b3fc]  RtlInitializeExceptionChain+0x36

Java frames: (J=compiled Java code, j=interpreted, Vv=VM code)
j  sun.misc.ProxyGenerator$FieldInfo.<init>(Lsun/misc/ProxyGenerator;Ljava/lang/String;Ljava/lang/String;I)V+2
j  sun.misc.ProxyGenerator.generateClassFile()[B+218
j  sun.misc.ProxyGenerator.generateProxyClass(Ljava/lang/String;[Ljava/lang/Class;)[B+11
j  java.lang.reflect.Proxy.getProxyClass(Ljava/lang/ClassLoader;[Ljava/lang/Class;)Ljava/lang/Class;+557
j  java.lang.reflect.Proxy.newProxyInstance(Ljava/lang/ClassLoader;[Ljava/lang/Class;Ljava/lang/reflect/InvocationHandler;)Ljava/lang/Object;+14
j  sun.reflect.annotation.AnnotationParser.annotationForMap(Ljava/lang/Class;Ljava/util/Map;)Ljava/lang/annotation/Annotation;+21
j  sun.reflect.annotation.AnnotationParser.parseAnnotation(Ljava/nio/ByteBuffer;Lsun/reflect/ConstantPool;Ljava/lang/Class;Z)Ljava/lang/annotation/Annotation;+258
j  sun.reflect.annotation.AnnotationParser.parseAnnotations2([BLsun/reflect/ConstantPool;Ljava/lang/Class;)Ljava/util/Map;+39
j  sun.reflect.annotation.AnnotationParser.parseAnnotations([BLsun/reflect/ConstantPool;Ljava/lang/Class;)Ljava/util/Map;+11
j  java.lang.Class.initAnnotationsIfNecessary()V+22
j  java.lang.Class.getAnnotations()[Ljava/lang/annotation/Annotation;+1
j  org.springframework.core.type.classreading.AnnotationAttributesReadingVisitor.visitEnd()V+118
j  org.springframework.asm.ClassReader.a(I[CLorg/springframework/asm/AnnotationVisitor;)I+43
j  org.springframework.asm.ClassReader.accept(Lorg/springframework/asm/ClassVisitor;[Lorg/springframework/asm/Attribute;Z)V+820
j  org.springframework.asm.ClassReader.accept(Lorg/springframework/asm/ClassVisitor;Z)V+7
j  org.springframework.core.type.classreading.SimpleMetadataReader.<init>(Lorg/springframework/core/io/Resource;Ljava/lang/ClassLoader;)V+55
j  org.springframework.core.type.classreading.SimpleMetadataReaderFactory.getMetadataReader(Lorg/springframework/core/io/Resource;)Lorg/springframework/core/type/classreading/MetadataReader;+14
j  org.springframework.core.type.classreading.CachingMetadataReaderFactory.getMetadataReader(Lorg/springframework/core/io/Resource;)Lorg/springframework/core/type/classreading/MetadataReader;+40
j  org.springframework.context.annotation.ClassPathScanningCandidateComponentProvider.findCandidateComponents(Ljava/lang/String;)Ljava/util/Set;+143
j  org.springframework.context.annotation.ClassPathBeanDefinitionScanner.doScan([Ljava/lang/String;)Ljava/util/Set;+35
j  org.springframework.context.annotation.ComponentScanBeanDefinitionParser.parse(Lorg/w3c/dom/Element;Lorg/springframework/beans/factory/xml/ParserContext;)Lorg/springframework/beans/factory/config/BeanDefinition;+25
j  org.springframework.beans.factory.xml.NamespaceHandlerSupport.parse(Lorg/w3c/dom/Element;Lorg/springframework/beans/factory/xml/ParserContext;)Lorg/springframework/beans/factory/config/BeanDefinition;+8
j  org.springframework.beans.factory.xml.BeanDefinitionParserDelegate.parseCustomElement(Lorg/w3c/dom/Element;Lorg/springframework/beans/factory/config/BeanDefinition;)Lorg/springframework/beans/factory/config/BeanDefinition;+72
j  org.springframework.beans.factory.xml.BeanDefinitionParserDelegate.parseCustomElement(Lorg/w3c/dom/Element;)Lorg/springframework/beans/factory/config/BeanDefinition;+3
j  org.springframework.beans.factory.xml.DefaultBeanDefinitionDocumentReader.parseBeanDefinitions(Lorg/w3c/dom/Element;Lorg/springframework/beans/factory/xml/BeanDefinitionParserDelegate;)V+68
j  org.springframework.beans.factory.xml.DefaultBeanDefinitionDocumentReader.doRegisterBeanDefinitions(Lorg/w3c/dom/Element;)V+84
j  org.springframework.beans.factory.xml.DefaultBeanDefinitionDocumentReader.registerBeanDefinitions(Lorg/w3c/dom/Document;Lorg/springframework/beans/factory/xml/XmlReaderContext;)V+25
j  org.springframework.beans.factory.xml.XmlBeanDefinitionReader.registerBeanDefinitions(Lorg/w3c/dom/Document;Lorg/springframework/core/io/Resource;)I+33
j  org.springframework.beans.factory.xml.XmlBeanDefinitionReader.doLoadBeanDefinitions(Lorg/xml/sax/InputSource;Lorg/springframework/core/io/Resource;)I+35
j  org.springframework.beans.factory.xml.XmlBeanDefinitionReader.loadBeanDefinitions(Lorg/springframework/core/io/support/EncodedResource;)I+162
j  org.springframework.beans.factory.xml.XmlBeanDefinitionReader.loadBeanDefinitions(Lorg/springframework/core/io/Resource;)I+9
j  org.springframework.beans.factory.support.AbstractBeanDefinitionReader.loadBeanDefinitions([Lorg/springframework/core/io/Resource;)I+30
j  org.springframework.beans.factory.support.AbstractBeanDefinitionReader.loadBeanDefinitions(Ljava/lang/String;Ljava/util/Set;)I+60
j  org.springframework.beans.factory.support.AbstractBeanDefinitionReader.loadBeanDefinitions(Ljava/lang/String;)I+3
j  org.springframework.beans.factory.support.AbstractBeanDefinitionReader.loadBeanDefinitions([Ljava/lang/String;)I+30
j  org.springframework.context.support.AbstractXmlApplicationContext.loadBeanDefinitions(Lorg/springframework/beans/factory/xml/XmlBeanDefinitionReader;)V+26
j  org.springframework.context.support.AbstractXmlApplicationContext.loadBeanDefinitions(Lorg/springframework/beans/factory/support/DefaultListableBeanFactory;)V+41
j  org.springframework.context.support.AbstractRefreshableApplicationContext.refreshBeanFactory()V+35
j  org.springframework.context.support.AbstractApplicationContext.obtainFreshBeanFactory()Lorg/springframework/beans/factory/config/ConfigurableListableBeanFactory;+1
j  org.springframework.context.support.AbstractApplicationContext.refresh()V+12
j  org.springframework.context.support.ClassPathXmlApplicationContext.<init>([Ljava/lang/String;ZLorg/springframework/context/ApplicationContext;)V+15
j  org.springframework.context.support.ClassPathXmlApplicationContext.<init>(Ljava/lang/String;)V+11
j  zm.hashcode.test.service.VoucherServicesTest.setUpClass()V+6
v  ~StubRoutines::call_stub
j  sun.reflect.NativeMethodAccessorImpl.invoke0(Ljava/lang/reflect/Method;Ljava/lang/Object;[Ljava/lang/Object;)Ljava/lang/Object;+0
j  sun.reflect.NativeMethodAccessorImpl.invoke(Ljava/lang/Object;[Ljava/lang/Object;)Ljava/lang/Object;+87
j  sun.reflect.DelegatingMethodAccessorImpl.invoke(Ljava/lang/Object;[Ljava/lang/Object;)Ljava/lang/Object;+6
j  java.lang.reflect.Method.invoke(Ljava/lang/Object;[Ljava/lang/Object;)Ljava/lang/Object;+57
j  org.junit.runners.model.FrameworkMethod$1.runReflectiveCall()Ljava/lang/Object;+15
j  org.junit.internal.runners.model.ReflectiveCallable.run()Ljava/lang/Object;+1
j  org.junit.runners.model.FrameworkMethod.invokeExplosively(Ljava/lang/Object;[Ljava/lang/Object;)Ljava/lang/Object;+10
j  org.junit.internal.runners.statements.RunBefores.evaluate()V+38
j  org.junit.internal.runners.statements.RunAfters.evaluate()V+18
j  org.junit.runners.ParentRunner.run(Lorg/junit/runner/notification/RunNotifier;)V+20
j  junit.framework.JUnit4TestAdapter.run(Ljunit/framework/TestResult;)V+13
j  org.apache.tools.ant.taskdefs.optional.junit.JUnitTestRunner.run()V+693
j  org.apache.tools.ant.taskdefs.optional.junit.JUnitTestRunner.launch(Lorg/apache/tools/ant/taskdefs/optional/junit/JUnitTest;[Ljava/lang/String;ZZZZZZ)I+41
j  org.apache.tools.ant.taskdefs.optional.junit.JUnitTestRunner.main([Ljava/lang/String;)V+918
v  ~StubRoutines::call_stub

---------------  P R O C E S S  ---------------

Java Threads: ( => current thread )
  0x00bc5800 JavaThread "Service Thread" daemon [_thread_blocked, id=6336, stack(0x00e30000,0x00e80000)]
  0x00bc3800 JavaThread "C1 CompilerThread0" daemon [_thread_blocked, id=4432, stack(0x03e90000,0x03ee0000)]
  0x00bbec00 JavaThread "Attach Listener" daemon [_thread_blocked, id=7612, stack(0x03e40000,0x03e90000)]
  0x00bbdc00 JavaThread "Signal Dispatcher" daemon [_thread_blocked, id=7092, stack(0x00eb0000,0x00f00000)]
  0x00bab400 JavaThread "Finalizer" daemon [_thread_blocked, id=8020, stack(0x00fd0000,0x01020000)]
  0x00ba9800 JavaThread "Reference Handler" daemon [_thread_blocked, id=4148, stack(0x03ca0000,0x03cf0000)]
=>0x0038d400 JavaThread "main" [_thread_in_vm, id=5580, stack(0x00310000,0x00360000)]

Other Threads:
  0x00ba7400 VMThread [stack: 0x00f50000,0x00fa0000] [id=5424]
  0x00bde800 WatcherThread [stack: 0x03f10000,0x03f60000] [id=6116]

VM state:not at safepoint (normal execution)

VM Mutex/Monitor currently owned by a thread: None

Heap
 def new generation   total 4928K, used 4187K [0x239e0000, 0x23f30000, 0x28f30000)
  eden space 4416K,  93% used [0x239e0000, 0x23de3888, 0x23e30000)
  from space 512K,  15% used [0x23eb0000, 0x23ec3660, 0x23f30000)
  to   space 512K,   0% used [0x23e30000, 0x23e30000, 0x23eb0000)
 tenured generation   total 10944K, used 2863K [0x28f30000, 0x299e0000, 0x339e0000)
   the space 10944K,  26% used [0x28f30000, 0x291fbc30, 0x291fbe00, 0x299e0000)
 compacting perm gen  total 12288K, used 3795K [0x339e0000, 0x345e0000, 0x379e0000)
   the space 12288K,  30% used [0x339e0000, 0x33d94c60, 0x33d94e00, 0x345e0000)
    ro space 10240K,  45% used [0x379e0000, 0x37e61888, 0x37e61a00, 0x383e0000)
    rw space 12288K,  54% used [0x383e0000, 0x38a604f8, 0x38a60600, 0x38fe0000)

Code Cache  [0x01ca0000, 0x01db0000, 0x03ca0000)
 total_blobs=500 nmethods=335 adapters=98 free_code_cache=31690Kb largest_free_block=32445440

Dynamic libraries:
0x01070000 - 0x0109e000 	C:\Program Files\Java\jdk1.7.0\bin\java.exe
0x77a70000 - 0x77bad000 	C:\Windows\SYSTEM32\ntdll.dll
0x76310000 - 0x763e4000 	C:\Windows\system32\kernel32.dll
0x75c90000 - 0x75cda000 	C:\Windows\system32\KERNELBASE.dll
0x763f0000 - 0x76490000 	C:\Windows\system32\ADVAPI32.dll
0x76240000 - 0x762ec000 	C:\Windows\system32\msvcrt.dll
0x762f0000 - 0x76309000 	C:\Windows\SYSTEM32\sechost.dll
0x776c0000 - 0x77761000 	C:\Windows\system32\RPCRT4.dll
0x77590000 - 0x77659000 	C:\Windows\system32\USER32.dll
0x76820000 - 0x7686e000 	C:\Windows\system32\GDI32.dll
0x77bb0000 - 0x77bba000 	C:\Windows\system32\LPK.dll
0x77c00000 - 0x77c9d000 	C:\Windows\system32\USP10.dll
0x74910000 - 0x74aae000 	C:\Windows\WinSxS\x86_microsoft.windows.common-controls_6595b64144ccf1df_6.0.7600.16661_none_420fe3fa2b8113bd\COMCTL32.dll
0x77660000 - 0x776b7000 	C:\Windows\system32\SHLWAPI.dll
0x77be0000 - 0x77bff000 	C:\Windows\system32\IMM32.DLL
0x76070000 - 0x7613c000 	C:\Windows\system32\MSCTF.dll
0x58950000 - 0x58a0e000 	C:\Program Files\Java\jdk1.7.0\jre\bin\msvcr100.dll
0x57f60000 - 0x58281000 	C:\Program Files\Java\jdk1.7.0\jre\bin\client\jvm.dll
0x75140000 - 0x75147000 	C:\Windows\system32\WSOCK32.dll
0x76170000 - 0x761a5000 	C:\Windows\system32\WS2_32.dll
0x77bd0000 - 0x77bd6000 	C:\Windows\system32\NSI.dll
0x73a40000 - 0x73a72000 	C:\Windows\system32\WINMM.dll
0x77bc0000 - 0x77bc5000 	C:\Windows\system32\PSAPI.DLL
0x730f0000 - 0x730fc000 	C:\Program Files\Java\jdk1.7.0\jre\bin\verify.dll
0x72fc0000 - 0x72fe0000 	C:\Program Files\Java\jdk1.7.0\jre\bin\java.dll
0x6cc20000 - 0x6cc33000 	C:\Program Files\Java\jdk1.7.0\jre\bin\zip.dll
0x68300000 - 0x68314000 	C:\Program Files\Java\jdk1.7.0\jre\bin\net.dll
0x20b00000 - 0x20b4b000 	C:\Windows\system32\imon.dll
0x766c0000 - 0x7681c000 	C:\Windows\system32\ole32.dll
0x756b0000 - 0x756ec000 	C:\Windows\system32\mswsock.dll
0x756a0000 - 0x756a6000 	C:\Windows\System32\wship6.dll
0x73700000 - 0x7370f000 	C:\Program Files\Java\jdk1.7.0\jre\bin\nio.dll
0x74e70000 - 0x74e80000 	C:\Windows\system32\NLAapi.dll
0x75570000 - 0x755b4000 	C:\Windows\system32\DNSAPI.dll
0x71ac0000 - 0x71ac8000 	C:\Windows\System32\winrnr.dll
0x71ab0000 - 0x71ac0000 	C:\Windows\system32\napinsp.dll
0x71a90000 - 0x71aa2000 	C:\Windows\system32\pnrpnsp.dll
0x719d0000 - 0x719dd000 	C:\Windows\system32\wshbth.dll
0x75120000 - 0x75125000 	C:\Windows\System32\wshtcpip.dll
0x747f0000 - 0x7480c000 	C:\Windows\system32\IPHLPAPI.DLL
0x747d0000 - 0x747d7000 	C:\Windows\system32\WINNSI.DLL
0x72510000 - 0x72516000 	C:\Windows\system32\rasadhlp.dll
0x746c0000 - 0x746f8000 	C:\Windows\System32\fwpuclnt.dll

VM Arguments:
jvm_args: -ea 
java_command: org.apache.tools.ant.taskdefs.optional.junit.JUnitTestRunner zm.hashcode.test.service.VoucherServicesTest filtertrace=true haltOnError=false haltOnFailure=false showoutput=true outputtoformatters=true logfailedtests=true logtestlistenerevents=true formatter=org.apache.tools.ant.taskdefs.optional.junit.BriefJUnitResultFormatter formatter=org.apache.tools.ant.taskdefs.optional.junit.XMLJUnitResultFormatter,C:\Users\SHANE~1.BRO\AppData\Local\Temp\TEST-zm.hashcode.test.service.VoucherServicesTest.xml crashfile=C:\Users\shane.broek\Documents\NetBeansProjects\hashpay\build\junitvmwatcher3909496788828382239.properties propsfile=C:\Users\shane.broek\Documents\NetBeansProjects\hashpay\build\junit4806439126363091436.properties
Launcher Type: SUN_STANDARD

Environment Variables:
PATH=C:\Windows\system32;C:\Windows;C:\Windows\System32\Wbem;C:\Windows\System32\WindowsPowerShell\v1.0\;C:\Program Files\WIDCOMM\Bluetooth Software\;C:\Program Files\TortoiseSVN\bin;c:\Program Files\Microsoft SQL Server\100\Tools\Binn\;c:\Program Files\Microsoft SQL Server\100\DTS\Binn\;C:\Program Files\Microsoft SQL Server\100\Tools\Binn\VSShell\Common7\IDE\;c:\Program Files\Microsoft ASP.NET\ASP.NET Web Pages\v1.0\
USERNAME=shane.broek
OS=Windows_NT
PROCESSOR_IDENTIFIER=x86 Family 6 Model 37 Stepping 5, GenuineIntel



---------------  S Y S T E M  ---------------

OS: Windows 7 Build 7600 

CPU:total 4 (2 cores per cpu, 2 threads per core) family 6 model 37 stepping 5, cmov, cx8, fxsr, mmx, sse, sse2, sse3, ssse3, sse4.1, sse4.2, popcnt, ht

Memory: 4k page, physical 2937328k(867852k free), swap 5872892k(2707592k free)

vm_info: Java HotSpot(TM) Client VM (21.0-b17) for windows-x86 JRE (1.7.0-b147), built on Jun 27 2011 02:25:52 by "java_re" with unknown MS VC++:1600

time: Fri Oct 07 13:14:06 2011
elapsed time: 1 seconds

